<?xml version="1.0" encoding="UTF-8"?>
<!-- Generated by org.testng.reporters.JUnitReportReporter -->
<testsuite skipped="0" hostname="sachin-PC" name="com.qa.test.LoginPageHubAppTest" tests="3" failures="0" timestamp="08 Feb 2021 10:21:59 GMT" time="113.964" errors="0">
  <testcase name="verifyLoginPageTitleTest" time="38.985" classname="com.qa.test.LoginPageHubAppTest"/>
  <testcase name="verifySignUpLinkTest" time="37.747" classname="com.qa.test.LoginPageHubAppTest"/>
  <testcase name="loginCorrectCredentialsTest" time="37.232" classname="com.qa.test.LoginPageHubAppTest"/>
</testsuite> <!-- com.qa.test.LoginPageHubAppTest -->
